<?xml version="1.0" encoding="UTF-8"?>
<!-- Generated by org.testng.reporters.JUnitReportReporter -->
<testsuite hostname="DESKTOP-1BK3GTC" name="com.agile1tech.test.homePagelink" tests="1" failures="0" timestamp="24 Dec 2019 02:30:10 GMT" time="0.027" errors="0">
  <testcase name="validateURL" time="0.027" classname="com.agile1tech.test.homePagelink"/>
</testsuite> <!-- com.agile1tech.test.homePagelink -->
