<?xml version="1.0" encoding="UTF-8"?>
<!-- Generated by org.testng.reporters.JUnitReportReporter -->
<testsuite hostname="DESKTOP-1BK3GTC" name="com.agile1tech.test.singupTest" tests="1" failures="0" timestamp="22 Dec 2019 02:19:37 GMT" time="0.015" errors="0">
  <testcase name="validateTitle" time="0.015" classname="com.agile1tech.test.singupTest"/>
</testsuite> <!-- com.agile1tech.test.singupTest -->
