<?xml version="1.0" encoding="UTF-8"?>
<!-- Generated by org.testng.reporters.JUnitReportReporter -->
<testsuite hostname="DESKTOP-1BK3GTC" name="TestScript.facebookSignupScript" tests="3" failures="0" timestamp="17 Jan 2020 00:11:05 GMT" time="2.386" errors="0">
  <testcase name="validateUrl" time="2.067" classname="TestScript.facebookSignupScript"/>
  <testcase name="FillTheForm" time="0.300" classname="TestScript.facebookSignupScript"/>
  <testcase name="pageTitle" time="0.019" classname="TestScript.facebookSignupScript"/>
</testsuite> <!-- TestScript.facebookSignupScript -->
