<?xml version="1.0" encoding="UTF-8"?>
<!-- Generated by org.testng.reporters.JUnitReportReporter -->
<testsuite hostname="DESKTOP-1BK3GTC" name="TestScript.yahooLoginScript" tests="2" failures="0" timestamp="15 Jan 2020 20:37:47 GMT" time="1.586" errors="0">
  <testcase name="validateUrl" time="0.059" classname="TestScript.yahooLoginScript"/>
  <testcase name="fillTheForm" time="1.527" classname="TestScript.yahooLoginScript"/>
</testsuite> <!-- TestScript.yahooLoginScript -->
