<?xml version="1.0" encoding="UTF-8"?>
<!-- Generated by org.testng.reporters.JUnitReportReporter -->
<testsuite skipped="0" hostname="DESKTOP-1BK3GTC" name="TestPages.murcarryRegister" tests="4" failures="0" timestamp="2020-01-08T19:11:55 EST" time="0.439" errors="0">
  <testcase name="validatecontactInformation" time="0.331" classname="TestPages.murcarryRegister"/>
  <testcase name="validatelastName" time="0.053" classname="TestPages.murcarryRegister"/>
  <testcase name="validateUrl" time="0.015" classname="TestPages.murcarryRegister"/>
  <testcase name="validateTitle" time="0.040" classname="TestPages.murcarryRegister"/>
</testsuite> <!-- TestPages.murcarryRegister -->
